Determining if the pthread_create exist failed with the following output:
Change Dir: /home/lxu9/hrwros_ws/build/hrwros_week3/CMakeFiles/CMakeTmp

Run Build Command:"/usr/bin/make" "cmTC_34fbb/fast"
/usr/bin/make -f CMakeFiles/cmTC_34fbb.dir/build.make CMakeFiles/cmTC_34fbb.dir/build
make[1]: Entering directory '/home/lxu9/hrwros_ws/build/hrwros_week3/CMakeFiles/CMakeTmp'
Building C object CMakeFiles/cmTC_34fbb.dir/CheckSymbolExists.c.o
/usr/bin/cc    -o CMakeFiles/cmTC_34fbb.dir/CheckSymbolExists.c.o   -c /home/lxu9/hrwros_ws/build/hrwros_week3/CMakeFiles/CMakeTmp/CheckSymbolExists.c
Linking C executable cmTC_34fbb
/usr/bin/cmake -E cmake_link_script CMakeFiles/cmTC_34fbb.dir/link.txt --verbose=1
/usr/bin/cc      -rdynamic CMakeFiles/cmTC_34fbb.dir/CheckSymbolExists.c.o  -o cmTC_34fbb 
CMakeFiles/cmTC_34fbb.dir/CheckSymbolExists.c.o: In function `main':
CheckSymbolExists.c:(.text+0x1b): undefined reference to `pthread_create'
collect2: error: ld returned 1 exit status
CMakeFiles/cmTC_34fbb.dir/build.make:97: recipe for target 'cmTC_34fbb' failed
make[1]: *** [cmTC_34fbb] Error 1
make[1]: Leaving directory '/home/lxu9/hrwros_ws/build/hrwros_week3/CMakeFiles/CMakeTmp'
Makefile:126: recipe for target 'cmTC_34fbb/fast' failed
make: *** [cmTC_34fbb/fast] Error 2

File /home/lxu9/hrwros_ws/build/hrwros_week3/CMakeFiles/CMakeTmp/CheckSymbolExists.c:
/* */
#include <pthread.h>

int main(int argc, char** argv)
{
  (void)argv;
#ifndef pthread_create
  return ((int*)(&pthread_create))[argc];
#else
  (void)argc;
  return 0;
#endif
}

Determining if the function pthread_create exists in the pthreads failed with the following output:
Change Dir: /home/lxu9/hrwros_ws/build/hrwros_week3/CMakeFiles/CMakeTmp

Run Build Command:"/usr/bin/make" "cmTC_61388/fast"
/usr/bin/make -f CMakeFiles/cmTC_61388.dir/build.make CMakeFiles/cmTC_61388.dir/build
make[1]: Entering directory '/home/lxu9/hrwros_ws/build/hrwros_week3/CMakeFiles/CMakeTmp'
Building C object CMakeFiles/cmTC_61388.dir/CheckFunctionExists.c.o
/usr/bin/cc   -DCHECK_FUNCTION_EXISTS=pthread_create   -o CMakeFiles/cmTC_61388.dir/CheckFunctionExists.c.o   -c /usr/share/cmake-3.10/Modules/CheckFunctionExists.c
Linking C executable cmTC_61388
/usr/bin/cmake -E cmake_link_script CMakeFiles/cmTC_61388.dir/link.txt --verbose=1
/usr/bin/cc  -DCHECK_FUNCTION_EXISTS=pthread_create    -rdynamic CMakeFiles/cmTC_61388.dir/CheckFunctionExists.c.o  -o cmTC_61388 -lpthreads 
/usr/bin/ld: cannot find -lpthreads
collect2: error: ld returned 1 exit status
CMakeFiles/cmTC_61388.dir/build.make:97: recipe for target 'cmTC_61388' failed
make[1]: *** [cmTC_61388] Error 1
make[1]: Leaving directory '/home/lxu9/hrwros_ws/build/hrwros_week3/CMakeFiles/CMakeTmp'
Makefile:126: recipe for target 'cmTC_61388/fast' failed
make: *** [cmTC_61388/fast] Error 2


