Determining if the pthread_create exist failed with the following output:
Change Dir: /home/lxu9/hrwros_ws/build/catkin_tools_prebuild/CMakeFiles/CMakeTmp

Run Build Command:"/usr/bin/make" "cmTC_2db0c/fast"
/usr/bin/make -f CMakeFiles/cmTC_2db0c.dir/build.make CMakeFiles/cmTC_2db0c.dir/build
make[1]: Entering directory '/home/lxu9/hrwros_ws/build/catkin_tools_prebuild/CMakeFiles/CMakeTmp'
Building C object CMakeFiles/cmTC_2db0c.dir/CheckSymbolExists.c.o
/usr/bin/cc    -o CMakeFiles/cmTC_2db0c.dir/CheckSymbolExists.c.o   -c /home/lxu9/hrwros_ws/build/catkin_tools_prebuild/CMakeFiles/CMakeTmp/CheckSymbolExists.c
Linking C executable cmTC_2db0c
/usr/bin/cmake -E cmake_link_script CMakeFiles/cmTC_2db0c.dir/link.txt --verbose=1
/usr/bin/cc      -rdynamic CMakeFiles/cmTC_2db0c.dir/CheckSymbolExists.c.o  -o cmTC_2db0c 
CMakeFiles/cmTC_2db0c.dir/CheckSymbolExists.c.o: In function `main':
CheckSymbolExists.c:(.text+0x1b): undefined reference to `pthread_create'
collect2: error: ld returned 1 exit status
CMakeFiles/cmTC_2db0c.dir/build.make:97: recipe for target 'cmTC_2db0c' failed
make[1]: *** [cmTC_2db0c] Error 1
make[1]: Leaving directory '/home/lxu9/hrwros_ws/build/catkin_tools_prebuild/CMakeFiles/CMakeTmp'
Makefile:126: recipe for target 'cmTC_2db0c/fast' failed
make: *** [cmTC_2db0c/fast] Error 2

File /home/lxu9/hrwros_ws/build/catkin_tools_prebuild/CMakeFiles/CMakeTmp/CheckSymbolExists.c:
/* */
#include <pthread.h>

int main(int argc, char** argv)
{
  (void)argv;
#ifndef pthread_create
  return ((int*)(&pthread_create))[argc];
#else
  (void)argc;
  return 0;
#endif
}

Determining if the function pthread_create exists in the pthreads failed with the following output:
Change Dir: /home/lxu9/hrwros_ws/build/catkin_tools_prebuild/CMakeFiles/CMakeTmp

Run Build Command:"/usr/bin/make" "cmTC_b8ede/fast"
/usr/bin/make -f CMakeFiles/cmTC_b8ede.dir/build.make CMakeFiles/cmTC_b8ede.dir/build
make[1]: Entering directory '/home/lxu9/hrwros_ws/build/catkin_tools_prebuild/CMakeFiles/CMakeTmp'
Building C object CMakeFiles/cmTC_b8ede.dir/CheckFunctionExists.c.o
/usr/bin/cc   -DCHECK_FUNCTION_EXISTS=pthread_create   -o CMakeFiles/cmTC_b8ede.dir/CheckFunctionExists.c.o   -c /usr/share/cmake-3.10/Modules/CheckFunctionExists.c
Linking C executable cmTC_b8ede
/usr/bin/cmake -E cmake_link_script CMakeFiles/cmTC_b8ede.dir/link.txt --verbose=1
/usr/bin/cc  -DCHECK_FUNCTION_EXISTS=pthread_create    -rdynamic CMakeFiles/cmTC_b8ede.dir/CheckFunctionExists.c.o  -o cmTC_b8ede -lpthreads 
/usr/bin/ld: cannot find -lpthreads
collect2: error: ld returned 1 exit status
CMakeFiles/cmTC_b8ede.dir/build.make:97: recipe for target 'cmTC_b8ede' failed
make[1]: *** [cmTC_b8ede] Error 1
make[1]: Leaving directory '/home/lxu9/hrwros_ws/build/catkin_tools_prebuild/CMakeFiles/CMakeTmp'
Makefile:126: recipe for target 'cmTC_b8ede/fast' failed
make: *** [cmTC_b8ede/fast] Error 2


