Determining if the pthread_create exist failed with the following output:
Change Dir: /home/lxu9/hrwros_ws/build/flexbe_behaviors/CMakeFiles/CMakeTmp

Run Build Command:"/usr/bin/make" "cmTC_f3383/fast"
/usr/bin/make -f CMakeFiles/cmTC_f3383.dir/build.make CMakeFiles/cmTC_f3383.dir/build
make[1]: Entering directory '/home/lxu9/hrwros_ws/build/flexbe_behaviors/CMakeFiles/CMakeTmp'
Building C object CMakeFiles/cmTC_f3383.dir/CheckSymbolExists.c.o
/usr/bin/cc    -o CMakeFiles/cmTC_f3383.dir/CheckSymbolExists.c.o   -c /home/lxu9/hrwros_ws/build/flexbe_behaviors/CMakeFiles/CMakeTmp/CheckSymbolExists.c
Linking C executable cmTC_f3383
/usr/bin/cmake -E cmake_link_script CMakeFiles/cmTC_f3383.dir/link.txt --verbose=1
/usr/bin/cc      -rdynamic CMakeFiles/cmTC_f3383.dir/CheckSymbolExists.c.o  -o cmTC_f3383 
CMakeFiles/cmTC_f3383.dir/CheckSymbolExists.c.o: In function `main':
CheckSymbolExists.c:(.text+0x1b): undefined reference to `pthread_create'
collect2: error: ld returned 1 exit status
CMakeFiles/cmTC_f3383.dir/build.make:97: recipe for target 'cmTC_f3383' failed
make[1]: *** [cmTC_f3383] Error 1
make[1]: Leaving directory '/home/lxu9/hrwros_ws/build/flexbe_behaviors/CMakeFiles/CMakeTmp'
Makefile:126: recipe for target 'cmTC_f3383/fast' failed
make: *** [cmTC_f3383/fast] Error 2

File /home/lxu9/hrwros_ws/build/flexbe_behaviors/CMakeFiles/CMakeTmp/CheckSymbolExists.c:
/* */
#include <pthread.h>

int main(int argc, char** argv)
{
  (void)argv;
#ifndef pthread_create
  return ((int*)(&pthread_create))[argc];
#else
  (void)argc;
  return 0;
#endif
}

Determining if the function pthread_create exists in the pthreads failed with the following output:
Change Dir: /home/lxu9/hrwros_ws/build/flexbe_behaviors/CMakeFiles/CMakeTmp

Run Build Command:"/usr/bin/make" "cmTC_142b9/fast"
/usr/bin/make -f CMakeFiles/cmTC_142b9.dir/build.make CMakeFiles/cmTC_142b9.dir/build
make[1]: Entering directory '/home/lxu9/hrwros_ws/build/flexbe_behaviors/CMakeFiles/CMakeTmp'
Building C object CMakeFiles/cmTC_142b9.dir/CheckFunctionExists.c.o
/usr/bin/cc   -DCHECK_FUNCTION_EXISTS=pthread_create   -o CMakeFiles/cmTC_142b9.dir/CheckFunctionExists.c.o   -c /usr/share/cmake-3.10/Modules/CheckFunctionExists.c
Linking C executable cmTC_142b9
/usr/bin/cmake -E cmake_link_script CMakeFiles/cmTC_142b9.dir/link.txt --verbose=1
/usr/bin/cc  -DCHECK_FUNCTION_EXISTS=pthread_create    -rdynamic CMakeFiles/cmTC_142b9.dir/CheckFunctionExists.c.o  -o cmTC_142b9 -lpthreads 
/usr/bin/ld: cannot find -lpthreads
collect2: error: ld returned 1 exit status
CMakeFiles/cmTC_142b9.dir/build.make:97: recipe for target 'cmTC_142b9' failed
make[1]: *** [cmTC_142b9] Error 1
make[1]: Leaving directory '/home/lxu9/hrwros_ws/build/flexbe_behaviors/CMakeFiles/CMakeTmp'
Makefile:126: recipe for target 'cmTC_142b9/fast' failed
make: *** [cmTC_142b9/fast] Error 2


