Determining if the pthread_create exist failed with the following output:
Change Dir: /home/lxu9/hrwros_ws/build/hrwros_week4/CMakeFiles/CMakeTmp

Run Build Command:"/usr/bin/make" "cmTC_1c2ae/fast"
/usr/bin/make -f CMakeFiles/cmTC_1c2ae.dir/build.make CMakeFiles/cmTC_1c2ae.dir/build
make[1]: Entering directory '/home/lxu9/hrwros_ws/build/hrwros_week4/CMakeFiles/CMakeTmp'
Building C object CMakeFiles/cmTC_1c2ae.dir/CheckSymbolExists.c.o
/usr/bin/cc    -o CMakeFiles/cmTC_1c2ae.dir/CheckSymbolExists.c.o   -c /home/lxu9/hrwros_ws/build/hrwros_week4/CMakeFiles/CMakeTmp/CheckSymbolExists.c
Linking C executable cmTC_1c2ae
/usr/bin/cmake -E cmake_link_script CMakeFiles/cmTC_1c2ae.dir/link.txt --verbose=1
/usr/bin/cc      -rdynamic CMakeFiles/cmTC_1c2ae.dir/CheckSymbolExists.c.o  -o cmTC_1c2ae 
CMakeFiles/cmTC_1c2ae.dir/CheckSymbolExists.c.o: In function `main':
CheckSymbolExists.c:(.text+0x1b): undefined reference to `pthread_create'
collect2: error: ld returned 1 exit status
CMakeFiles/cmTC_1c2ae.dir/build.make:97: recipe for target 'cmTC_1c2ae' failed
make[1]: *** [cmTC_1c2ae] Error 1
make[1]: Leaving directory '/home/lxu9/hrwros_ws/build/hrwros_week4/CMakeFiles/CMakeTmp'
Makefile:126: recipe for target 'cmTC_1c2ae/fast' failed
make: *** [cmTC_1c2ae/fast] Error 2

File /home/lxu9/hrwros_ws/build/hrwros_week4/CMakeFiles/CMakeTmp/CheckSymbolExists.c:
/* */
#include <pthread.h>

int main(int argc, char** argv)
{
  (void)argv;
#ifndef pthread_create
  return ((int*)(&pthread_create))[argc];
#else
  (void)argc;
  return 0;
#endif
}

Determining if the function pthread_create exists in the pthreads failed with the following output:
Change Dir: /home/lxu9/hrwros_ws/build/hrwros_week4/CMakeFiles/CMakeTmp

Run Build Command:"/usr/bin/make" "cmTC_23e63/fast"
/usr/bin/make -f CMakeFiles/cmTC_23e63.dir/build.make CMakeFiles/cmTC_23e63.dir/build
make[1]: Entering directory '/home/lxu9/hrwros_ws/build/hrwros_week4/CMakeFiles/CMakeTmp'
Building C object CMakeFiles/cmTC_23e63.dir/CheckFunctionExists.c.o
/usr/bin/cc   -DCHECK_FUNCTION_EXISTS=pthread_create   -o CMakeFiles/cmTC_23e63.dir/CheckFunctionExists.c.o   -c /usr/share/cmake-3.10/Modules/CheckFunctionExists.c
Linking C executable cmTC_23e63
/usr/bin/cmake -E cmake_link_script CMakeFiles/cmTC_23e63.dir/link.txt --verbose=1
/usr/bin/cc  -DCHECK_FUNCTION_EXISTS=pthread_create    -rdynamic CMakeFiles/cmTC_23e63.dir/CheckFunctionExists.c.o  -o cmTC_23e63 -lpthreads 
/usr/bin/ld: cannot find -lpthreads
collect2: error: ld returned 1 exit status
CMakeFiles/cmTC_23e63.dir/build.make:97: recipe for target 'cmTC_23e63' failed
make[1]: *** [cmTC_23e63] Error 1
make[1]: Leaving directory '/home/lxu9/hrwros_ws/build/hrwros_week4/CMakeFiles/CMakeTmp'
Makefile:126: recipe for target 'cmTC_23e63/fast' failed
make: *** [cmTC_23e63/fast] Error 2


