[  0%] Built target _hrwros_gazebo_generate_messages_check_deps_Model
[  0%] Built target _hrwros_gazebo_generate_messages_check_deps_LogicalCameraImage
[  0%] Built target _hrwros_gazebo_generate_messages_check_deps_ConveyorBeltState
[  0%] Built target _hrwros_gazebo_generate_messages_check_deps_VacuumGripperState
[  0%] Built target _hrwros_gazebo_generate_messages_check_deps_VacuumGripperControl
[  0%] Built target geometry_msgs_generate_messages_nodejs
[  0%] Built target std_msgs_generate_messages_py
[  0%] Built target std_msgs_generate_messages_nodejs
[  0%] Built target _hrwros_gazebo_generate_messages_check_deps_Proximity
[  0%] Built target _hrwros_gazebo_generate_messages_check_deps_ConveyorBeltControl
[  0%] Built target geometry_msgs_generate_messages_py
[  0%] Built target geometry_msgs_generate_messages_lisp
[  0%] Built target std_msgs_generate_messages_lisp
[  0%] Built target geometry_msgs_generate_messages_eus
[  0%] Built target std_msgs_generate_messages_eus
[  0%] Built target geometry_msgs_generate_messages_cpp
[  0%] Built target std_msgs_generate_messages_cpp
[  3%] Built target urdf_creator
[ 17%] Built target hrwros_gazebo_generate_messages_py
[ 28%] Built target hrwros_gazebo_generate_messages_nodejs
[ 39%] Built target hrwros_gazebo_generate_messages_lisp
[ 42%] Built target ProximityRayPlugin
[ 54%] Built target hrwros_gazebo_generate_messages_eus
[ 57%] Built target SideContactPlugin
[ 60%] Built target VacuumGripperPlugin
[ 71%] Built target hrwros_gazebo_generate_messages_cpp
[ 75%] Built target urdf_creator_test_node
[ 78%] Built target conveyor_spawner
[ 81%] Built target ConveyorBeltPlugin
[ 84%] Built target ObjectDisposalPlugin
[ 84%] Built target hrwros_gazebo_generate_messages
[ 87%] Built target ROSVacuumGripperPlugin
[ 90%] Built target ROSLogicalCameraPlugin
[ 93%] Built target ROSProximityRayPlugin
[ 96%] Built target conveyor_spawner_node
[100%] Built target ROSConveyorBeltPlugin
