Determining if the pthread_create exist failed with the following output:
Change Dir: /home/lxu9/hrwros_ws/build/hrwros_support/CMakeFiles/CMakeTmp

Run Build Command:"/usr/bin/make" "cmTC_e5cfa/fast"
/usr/bin/make -f CMakeFiles/cmTC_e5cfa.dir/build.make CMakeFiles/cmTC_e5cfa.dir/build
make[1]: Entering directory '/home/lxu9/hrwros_ws/build/hrwros_support/CMakeFiles/CMakeTmp'
Building C object CMakeFiles/cmTC_e5cfa.dir/CheckSymbolExists.c.o
/usr/bin/cc    -o CMakeFiles/cmTC_e5cfa.dir/CheckSymbolExists.c.o   -c /home/lxu9/hrwros_ws/build/hrwros_support/CMakeFiles/CMakeTmp/CheckSymbolExists.c
Linking C executable cmTC_e5cfa
/usr/bin/cmake -E cmake_link_script CMakeFiles/cmTC_e5cfa.dir/link.txt --verbose=1
/usr/bin/cc      -rdynamic CMakeFiles/cmTC_e5cfa.dir/CheckSymbolExists.c.o  -o cmTC_e5cfa 
CMakeFiles/cmTC_e5cfa.dir/CheckSymbolExists.c.o: In function `main':
CheckSymbolExists.c:(.text+0x1b): undefined reference to `pthread_create'
collect2: error: ld returned 1 exit status
CMakeFiles/cmTC_e5cfa.dir/build.make:97: recipe for target 'cmTC_e5cfa' failed
make[1]: *** [cmTC_e5cfa] Error 1
make[1]: Leaving directory '/home/lxu9/hrwros_ws/build/hrwros_support/CMakeFiles/CMakeTmp'
Makefile:126: recipe for target 'cmTC_e5cfa/fast' failed
make: *** [cmTC_e5cfa/fast] Error 2

File /home/lxu9/hrwros_ws/build/hrwros_support/CMakeFiles/CMakeTmp/CheckSymbolExists.c:
/* */
#include <pthread.h>

int main(int argc, char** argv)
{
  (void)argv;
#ifndef pthread_create
  return ((int*)(&pthread_create))[argc];
#else
  (void)argc;
  return 0;
#endif
}

Determining if the function pthread_create exists in the pthreads failed with the following output:
Change Dir: /home/lxu9/hrwros_ws/build/hrwros_support/CMakeFiles/CMakeTmp

Run Build Command:"/usr/bin/make" "cmTC_abd25/fast"
/usr/bin/make -f CMakeFiles/cmTC_abd25.dir/build.make CMakeFiles/cmTC_abd25.dir/build
make[1]: Entering directory '/home/lxu9/hrwros_ws/build/hrwros_support/CMakeFiles/CMakeTmp'
Building C object CMakeFiles/cmTC_abd25.dir/CheckFunctionExists.c.o
/usr/bin/cc   -DCHECK_FUNCTION_EXISTS=pthread_create   -o CMakeFiles/cmTC_abd25.dir/CheckFunctionExists.c.o   -c /usr/share/cmake-3.10/Modules/CheckFunctionExists.c
Linking C executable cmTC_abd25
/usr/bin/cmake -E cmake_link_script CMakeFiles/cmTC_abd25.dir/link.txt --verbose=1
/usr/bin/cc  -DCHECK_FUNCTION_EXISTS=pthread_create    -rdynamic CMakeFiles/cmTC_abd25.dir/CheckFunctionExists.c.o  -o cmTC_abd25 -lpthreads 
/usr/bin/ld: cannot find -lpthreads
collect2: error: ld returned 1 exit status
CMakeFiles/cmTC_abd25.dir/build.make:97: recipe for target 'cmTC_abd25' failed
make[1]: *** [cmTC_abd25] Error 1
make[1]: Leaving directory '/home/lxu9/hrwros_ws/build/hrwros_support/CMakeFiles/CMakeTmp'
Makefile:126: recipe for target 'cmTC_abd25/fast' failed
make: *** [cmTC_abd25/fast] Error 2


