Determining if the pthread_create exist failed with the following output:
Change Dir: /home/lxu9/hrwros_ws/build/hrwros_moveit_config/CMakeFiles/CMakeTmp

Run Build Command:"/usr/bin/make" "cmTC_c1c40/fast"
/usr/bin/make -f CMakeFiles/cmTC_c1c40.dir/build.make CMakeFiles/cmTC_c1c40.dir/build
make[1]: Entering directory '/home/lxu9/hrwros_ws/build/hrwros_moveit_config/CMakeFiles/CMakeTmp'
Building C object CMakeFiles/cmTC_c1c40.dir/CheckSymbolExists.c.o
/usr/bin/cc    -o CMakeFiles/cmTC_c1c40.dir/CheckSymbolExists.c.o   -c /home/lxu9/hrwros_ws/build/hrwros_moveit_config/CMakeFiles/CMakeTmp/CheckSymbolExists.c
Linking C executable cmTC_c1c40
/usr/bin/cmake -E cmake_link_script CMakeFiles/cmTC_c1c40.dir/link.txt --verbose=1
/usr/bin/cc      -rdynamic CMakeFiles/cmTC_c1c40.dir/CheckSymbolExists.c.o  -o cmTC_c1c40 
CMakeFiles/cmTC_c1c40.dir/CheckSymbolExists.c.o: In function `main':
CheckSymbolExists.c:(.text+0x1b): undefined reference to `pthread_create'
collect2: error: ld returned 1 exit status
CMakeFiles/cmTC_c1c40.dir/build.make:97: recipe for target 'cmTC_c1c40' failed
make[1]: *** [cmTC_c1c40] Error 1
make[1]: Leaving directory '/home/lxu9/hrwros_ws/build/hrwros_moveit_config/CMakeFiles/CMakeTmp'
Makefile:126: recipe for target 'cmTC_c1c40/fast' failed
make: *** [cmTC_c1c40/fast] Error 2

File /home/lxu9/hrwros_ws/build/hrwros_moveit_config/CMakeFiles/CMakeTmp/CheckSymbolExists.c:
/* */
#include <pthread.h>

int main(int argc, char** argv)
{
  (void)argv;
#ifndef pthread_create
  return ((int*)(&pthread_create))[argc];
#else
  (void)argc;
  return 0;
#endif
}

Determining if the function pthread_create exists in the pthreads failed with the following output:
Change Dir: /home/lxu9/hrwros_ws/build/hrwros_moveit_config/CMakeFiles/CMakeTmp

Run Build Command:"/usr/bin/make" "cmTC_7c202/fast"
/usr/bin/make -f CMakeFiles/cmTC_7c202.dir/build.make CMakeFiles/cmTC_7c202.dir/build
make[1]: Entering directory '/home/lxu9/hrwros_ws/build/hrwros_moveit_config/CMakeFiles/CMakeTmp'
Building C object CMakeFiles/cmTC_7c202.dir/CheckFunctionExists.c.o
/usr/bin/cc   -DCHECK_FUNCTION_EXISTS=pthread_create   -o CMakeFiles/cmTC_7c202.dir/CheckFunctionExists.c.o   -c /usr/share/cmake-3.10/Modules/CheckFunctionExists.c
Linking C executable cmTC_7c202
/usr/bin/cmake -E cmake_link_script CMakeFiles/cmTC_7c202.dir/link.txt --verbose=1
/usr/bin/cc  -DCHECK_FUNCTION_EXISTS=pthread_create    -rdynamic CMakeFiles/cmTC_7c202.dir/CheckFunctionExists.c.o  -o cmTC_7c202 -lpthreads 
/usr/bin/ld: cannot find -lpthreads
collect2: error: ld returned 1 exit status
CMakeFiles/cmTC_7c202.dir/build.make:97: recipe for target 'cmTC_7c202' failed
make[1]: *** [cmTC_7c202] Error 1
make[1]: Leaving directory '/home/lxu9/hrwros_ws/build/hrwros_moveit_config/CMakeFiles/CMakeTmp'
Makefile:126: recipe for target 'cmTC_7c202/fast' failed
make: *** [cmTC_7c202/fast] Error 2


