Determining if the pthread_create exist failed with the following output:
Change Dir: /home/lxu9/hrwros_ws/build/hrwros_week1/CMakeFiles/CMakeTmp

Run Build Command:"/usr/bin/make" "cmTC_6725d/fast"
/usr/bin/make -f CMakeFiles/cmTC_6725d.dir/build.make CMakeFiles/cmTC_6725d.dir/build
make[1]: Entering directory '/home/lxu9/hrwros_ws/build/hrwros_week1/CMakeFiles/CMakeTmp'
Building C object CMakeFiles/cmTC_6725d.dir/CheckSymbolExists.c.o
/usr/bin/cc    -o CMakeFiles/cmTC_6725d.dir/CheckSymbolExists.c.o   -c /home/lxu9/hrwros_ws/build/hrwros_week1/CMakeFiles/CMakeTmp/CheckSymbolExists.c
Linking C executable cmTC_6725d
/usr/bin/cmake -E cmake_link_script CMakeFiles/cmTC_6725d.dir/link.txt --verbose=1
/usr/bin/cc      -rdynamic CMakeFiles/cmTC_6725d.dir/CheckSymbolExists.c.o  -o cmTC_6725d 
CMakeFiles/cmTC_6725d.dir/CheckSymbolExists.c.o: In function `main':
CheckSymbolExists.c:(.text+0x1b): undefined reference to `pthread_create'
collect2: error: ld returned 1 exit status
CMakeFiles/cmTC_6725d.dir/build.make:97: recipe for target 'cmTC_6725d' failed
make[1]: *** [cmTC_6725d] Error 1
make[1]: Leaving directory '/home/lxu9/hrwros_ws/build/hrwros_week1/CMakeFiles/CMakeTmp'
Makefile:126: recipe for target 'cmTC_6725d/fast' failed
make: *** [cmTC_6725d/fast] Error 2

File /home/lxu9/hrwros_ws/build/hrwros_week1/CMakeFiles/CMakeTmp/CheckSymbolExists.c:
/* */
#include <pthread.h>

int main(int argc, char** argv)
{
  (void)argv;
#ifndef pthread_create
  return ((int*)(&pthread_create))[argc];
#else
  (void)argc;
  return 0;
#endif
}

Determining if the function pthread_create exists in the pthreads failed with the following output:
Change Dir: /home/lxu9/hrwros_ws/build/hrwros_week1/CMakeFiles/CMakeTmp

Run Build Command:"/usr/bin/make" "cmTC_5a51d/fast"
/usr/bin/make -f CMakeFiles/cmTC_5a51d.dir/build.make CMakeFiles/cmTC_5a51d.dir/build
make[1]: Entering directory '/home/lxu9/hrwros_ws/build/hrwros_week1/CMakeFiles/CMakeTmp'
Building C object CMakeFiles/cmTC_5a51d.dir/CheckFunctionExists.c.o
/usr/bin/cc   -DCHECK_FUNCTION_EXISTS=pthread_create   -o CMakeFiles/cmTC_5a51d.dir/CheckFunctionExists.c.o   -c /usr/share/cmake-3.10/Modules/CheckFunctionExists.c
Linking C executable cmTC_5a51d
/usr/bin/cmake -E cmake_link_script CMakeFiles/cmTC_5a51d.dir/link.txt --verbose=1
/usr/bin/cc  -DCHECK_FUNCTION_EXISTS=pthread_create    -rdynamic CMakeFiles/cmTC_5a51d.dir/CheckFunctionExists.c.o  -o cmTC_5a51d -lpthreads 
/usr/bin/ld: cannot find -lpthreads
collect2: error: ld returned 1 exit status
CMakeFiles/cmTC_5a51d.dir/build.make:97: recipe for target 'cmTC_5a51d' failed
make[1]: *** [cmTC_5a51d] Error 1
make[1]: Leaving directory '/home/lxu9/hrwros_ws/build/hrwros_week1/CMakeFiles/CMakeTmp'
Makefile:126: recipe for target 'cmTC_5a51d/fast' failed
make: *** [cmTC_5a51d/fast] Error 2


